<?xml version="1.0" encoding="UTF-8"?>
<!-- Generated by org.testng.reporters.JUnitReportReporter -->
<testsuite skipped="0" hostname="hp-11" name="test.reservarvuelo.cp005ReservarVuelo" tests="5" failures="0" timestamp="06 nov 2017 21:07:52 GMT" time="56.214" errors="0">
  <testcase name="login" time="8.146" classname="test.reservarvuelo.cp005ReservarVuelo"/>
  <testcase name="diligenciarFindFlight" time="9.092" classname="test.reservarvuelo.cp005ReservarVuelo"/>
  <testcase name="diligenciarSelectFlight" time="3.636" classname="test.reservarvuelo.cp005ReservarVuelo"/>
  <testcase name="diligenciarBookFlight" time="26.183" classname="test.reservarvuelo.cp005ReservarVuelo"/>
  <testcase name="verificarConfirmationFlight" time="9.157" classname="test.reservarvuelo.cp005ReservarVuelo"/>
</testsuite> <!-- test.reservarvuelo.cp005ReservarVuelo -->
