<?xml version="1.0" encoding="UTF-8"?>
<!-- Generated by org.testng.reporters.JUnitReportReporter -->
<testsuite skipped="0" hostname="hp-11" name="test.autenticacion.cp004ValidarCamposSignOn" tests="1" failures="0" timestamp="17 nov 2017 06:29:16 GMT" time="10.243" errors="0">
  <testcase name="verificarCamposLoginSignOn" time="10.243" classname="test.autenticacion.cp004ValidarCamposSignOn"/>
</testsuite> <!-- test.autenticacion.cp004ValidarCamposSignOn -->
