<?xml version="1.0" encoding="UTF-8"?>
<!-- Generated by org.testng.reporters.JUnitReportReporter -->
<testsuite skipped="0" hostname="hp-11" name="test.reservarvuelo.cp006ReservarVueloCruises" tests="6" failures="0" timestamp="10 nov 2017 17:42:50 GMT" time="43.455" errors="0">
  <testcase name="login" time="4.847" classname="test.reservarvuelo.cp006ReservarVueloCruises"/>
  <testcase name="ingresarPorCruises" time="2.672" classname="test.reservarvuelo.cp006ReservarVueloCruises"/>
  <testcase name="diligenciarFindFlight" time="8.407" classname="test.reservarvuelo.cp006ReservarVueloCruises"/>
  <testcase name="diligenciarSelectFlight" time="2.913" classname="test.reservarvuelo.cp006ReservarVueloCruises"/>
  <testcase name="diligenciarBookFlight" time="22.946" classname="test.reservarvuelo.cp006ReservarVueloCruises"/>
  <testcase name="verificarConfirmationFlight" time="1.670" classname="test.reservarvuelo.cp006ReservarVueloCruises"/>
</testsuite> <!-- test.reservarvuelo.cp006ReservarVueloCruises -->
