<?xml version="1.0" encoding="UTF-8"?>
<!-- Generated by org.testng.reporters.JUnitReportReporter -->
<testsuite skipped="0" hostname="hp-11" name="test.registrousuario.cp002RegistrarUsuarios" tests="2" failures="0" timestamp="16 nov 2017 20:49:31 GMT" time="14.758" errors="0">
  <testcase name="ingresarRegistrar" time="1.741" classname="test.registrousuario.cp002RegistrarUsuarios"/>
  <testcase name="realizarRegistro" time="13.017" classname="test.registrousuario.cp002RegistrarUsuarios"/>
</testsuite> <!-- test.registrousuario.cp002RegistrarUsuarios -->
