<?xml version="1.0" encoding="UTF-8"?>
<!-- Generated by org.testng.reporters.JUnitReportReporter -->
<testsuite skipped="0" hostname="hp-11" name="test.autenticacion.cp003LoginMercuryIncorrecto" tests="1" failures="0" timestamp="17 nov 2017 17:39:49 GMT" time="3.969" errors="0">
  <testcase name="loginIncorrecto" time="3.969" classname="test.autenticacion.cp003LoginMercuryIncorrecto"/>
</testsuite> <!-- test.autenticacion.cp003LoginMercuryIncorrecto -->
