<?xml version="1.0" encoding="UTF-8"?>
<!-- Generated by org.testng.reporters.JUnitReportReporter -->
<testsuite skipped="0" hostname="hp-11" name="scriptSencillo.MultiplesDatos" tests="1" failures="0" timestamp="17 nov 2017 17:56:15 GMT" time="5.204" errors="0">
  <testcase name="testUntitled" time="5.204" classname="scriptSencillo.MultiplesDatos"/>
</testsuite> <!-- scriptSencillo.MultiplesDatos -->
