<?xml version="1.0" encoding="UTF-8"?>
<!-- Generated by org.testng.reporters.JUnitReportReporter -->
<testsuite skipped="0" hostname="hp-11" name="test.reservarvuelo.cp006ReservarVueloCruises" tests="6" failures="0" timestamp="16 nov 2017 18:52:17 GMT" time="44.846" errors="0">
  <testcase name="login" time="4.892" classname="test.reservarvuelo.cp006ReservarVueloCruises"/>
  <testcase name="ingresarPorCruises" time="2.672" classname="test.reservarvuelo.cp006ReservarVueloCruises"/>
  <testcase name="diligenciarFindFlight" time="8.848" classname="test.reservarvuelo.cp006ReservarVueloCruises"/>
  <testcase name="diligenciarSelectFlight" time="2.898" classname="test.reservarvuelo.cp006ReservarVueloCruises"/>
  <testcase name="diligenciarBookFlight" time="23.953" classname="test.reservarvuelo.cp006ReservarVueloCruises"/>
  <testcase name="verificarConfirmationFlight" time="1.583" classname="test.reservarvuelo.cp006ReservarVueloCruises"/>
</testsuite> <!-- test.reservarvuelo.cp006ReservarVueloCruises -->
