<?xml version="1.0" encoding="UTF-8"?>
<!-- Generated by org.testng.reporters.JUnitReportReporter -->
<testsuite skipped="0" hostname="hp-11" name="test.reservarvuelo.cp006ReservarVueloCruises" tests="6" failures="0" timestamp="06 nov 2017 21:00:50 GMT" time="52.908" errors="0">
  <testcase name="login" time="11.421" classname="test.reservarvuelo.cp006ReservarVueloCruises"/>
  <testcase name="ingresarPorCruises" time="5.796" classname="test.reservarvuelo.cp006ReservarVueloCruises"/>
  <testcase name="diligenciarFindFlight" time="9.649" classname="test.reservarvuelo.cp006ReservarVueloCruises"/>
  <testcase name="diligenciarSelectFlight" time="4.953" classname="test.reservarvuelo.cp006ReservarVueloCruises"/>
  <testcase name="diligenciarBookFlight" time="15.639" classname="test.reservarvuelo.cp006ReservarVueloCruises"/>
  <testcase name="verificarConfirmationFlight" time="5.450" classname="test.reservarvuelo.cp006ReservarVueloCruises"/>
</testsuite> <!-- test.reservarvuelo.cp006ReservarVueloCruises -->
