<?xml version="1.0" encoding="UTF-8"?>
<!-- Generated by org.testng.reporters.JUnitReportReporter -->
<testsuite skipped="0" hostname="hp-11" name="test.registrousuario.cp002RegistrarUsuarios" tests="2" failures="0" timestamp="06 nov 2017 17:38:57 GMT" time="3.085" errors="0">
  <testcase name="ingresarRegistrar" time="3.067" classname="test.registrousuario.cp002RegistrarUsuarios"/>
  <testcase name="realizarRegistro" time="0.018" classname="test.registrousuario.cp002RegistrarUsuarios"/>
</testsuite> <!-- test.registrousuario.cp002RegistrarUsuarios -->
