<?xml version="1.0" encoding="UTF-8"?>
<!-- Generated by org.testng.reporters.JUnitReportReporter -->
<testsuite skipped="0" hostname="hp-11" name="test.reservarvuelo.cp003ValidarCamposBookFlight" tests="2" failures="0" timestamp="17 nov 2017 17:49:14 GMT" time="13.959" errors="0">
  <testcase name="login" time="5.533" classname="test.reservarvuelo.cp003ValidarCamposBookFlight"/>
  <testcase name="ValidarCamposBookFlight" time="8.426" classname="test.reservarvuelo.cp003ValidarCamposBookFlight"/>
</testsuite> <!-- test.reservarvuelo.cp003ValidarCamposBookFlight -->
