<?xml version="1.0" encoding="UTF-8"?>
<!-- Generated by org.testng.reporters.JUnitReportReporter -->
<testsuite skipped="0" hostname="hp-11" name="test.reservarvuelo.cp005ReservarVuelo" tests="5" failures="0" timestamp="06 nov 2017 20:41:20 GMT" time="38.842" errors="0">
  <testcase name="login" time="10.379" classname="test.reservarvuelo.cp005ReservarVuelo"/>
  <testcase name="diligenciarFindFlight" time="9.642" classname="test.reservarvuelo.cp005ReservarVuelo"/>
  <testcase name="diligenciarSelectFlight" time="4.461" classname="test.reservarvuelo.cp005ReservarVuelo"/>
  <testcase name="diligenciarBookFlight" time="12.694" classname="test.reservarvuelo.cp005ReservarVuelo"/>
  <testcase name="verificarConfirmationFlight" time="1.666" classname="test.reservarvuelo.cp005ReservarVuelo"/>
</testsuite> <!-- test.reservarvuelo.cp005ReservarVuelo -->
