<?xml version="1.0" encoding="UTF-8"?>
<!-- Generated by org.testng.reporters.JUnitReportReporter -->
<testsuite skipped="0" hostname="hp-11" name="test.menu.cp003ValidarLinkDespuesLogin" tests="1" failures="0" timestamp="17 nov 2017 20:45:37 GMT" time="7.128" errors="0">
  <testcase name="validarLinksDespuesDeLogin" time="7.128" classname="test.menu.cp003ValidarLinkDespuesLogin"/>
</testsuite> <!-- test.menu.cp003ValidarLinkDespuesLogin -->
