<?xml version="1.0" encoding="UTF-8"?>
<!-- Generated by org.testng.reporters.JUnitReportReporter -->
<testsuite skipped="0" hostname="hp-11" name="test.reservarvuelo.cp006ReservarVueloCruises" tests="6" failures="0" timestamp="08 nov 2017 05:41:27 GMT" time="45.164" errors="0">
  <testcase name="login" time="7.528" classname="test.reservarvuelo.cp006ReservarVueloCruises"/>
  <testcase name="ingresarPorCruises" time="2.894" classname="test.reservarvuelo.cp006ReservarVueloCruises"/>
  <testcase name="diligenciarFindFlight" time="8.895" classname="test.reservarvuelo.cp006ReservarVueloCruises"/>
  <testcase name="diligenciarSelectFlight" time="2.788" classname="test.reservarvuelo.cp006ReservarVueloCruises"/>
  <testcase name="diligenciarBookFlight" time="21.698" classname="test.reservarvuelo.cp006ReservarVueloCruises"/>
  <testcase name="verificarConfirmationFlight" time="1.361" classname="test.reservarvuelo.cp006ReservarVueloCruises"/>
</testsuite> <!-- test.reservarvuelo.cp006ReservarVueloCruises -->
