<?xml version="1.0" encoding="UTF-8"?>
<!-- Generated by org.testng.reporters.JUnitReportReporter -->
<testsuite skipped="0" hostname="hp-11" name="test.reservarvuelo.cp004ValidarCamposConfirmationFlight" tests="2" failures="0" timestamp="08 nov 2017 05:15:26 GMT" time="12.735" errors="0">
  <testcase name="login" time="7.732" classname="test.reservarvuelo.cp004ValidarCamposConfirmationFlight"/>
  <testcase name="ValidarCamposConfirmationFlight" time="5.003" classname="test.reservarvuelo.cp004ValidarCamposConfirmationFlight"/>
</testsuite> <!-- test.reservarvuelo.cp004ValidarCamposConfirmationFlight -->
