<?xml version="1.0" encoding="UTF-8"?>
<!-- Generated by org.testng.reporters.JUnitReportReporter -->
<testsuite skipped="0" hostname="hp-11" name="test.reservarvuelo.cp001ValidarCamposFindFlight" tests="2" failures="0" timestamp="09 nov 2017 04:41:00 GMT" time="12.485" errors="0">
  <testcase name="login" time="8.190" classname="test.reservarvuelo.cp001ValidarCamposFindFlight"/>
  <testcase name="ValidarCamposFindFlight" time="4.295" classname="test.reservarvuelo.cp001ValidarCamposFindFlight"/>
</testsuite> <!-- test.reservarvuelo.cp001ValidarCamposFindFlight -->
