<?xml version="1.0" encoding="UTF-8"?>
<!-- Generated by org.testng.reporters.JUnitReportReporter -->
<testsuite skipped="0" hostname="hp-11" name="test.reservarvuelo.cp004ValidarCamposConfirmationFlight" tests="2" failures="0" timestamp="08 nov 2017 05:46:29 GMT" time="14.840" errors="0">
  <testcase name="login" time="9.688" classname="test.reservarvuelo.cp004ValidarCamposConfirmationFlight"/>
  <testcase name="ValidarCamposConfirmationFlight" time="5.152" classname="test.reservarvuelo.cp004ValidarCamposConfirmationFlight"/>
</testsuite> <!-- test.reservarvuelo.cp004ValidarCamposConfirmationFlight -->
