<?xml version="1.0" encoding="UTF-8"?>
<!-- Generated by org.testng.reporters.JUnitReportReporter -->
<testsuite skipped="0" hostname="hp-11" name="test.reservarvuelo.cp005ReservarVuelo" tests="5" failures="0" timestamp="10 nov 2017 17:14:21 GMT" time="46.005" errors="0">
  <testcase name="login" time="7.988" classname="test.reservarvuelo.cp005ReservarVuelo"/>
  <testcase name="diligenciarFindFlight" time="9.203" classname="test.reservarvuelo.cp005ReservarVuelo"/>
  <testcase name="diligenciarSelectFlight" time="3.258" classname="test.reservarvuelo.cp005ReservarVuelo"/>
  <testcase name="diligenciarBookFlight" time="23.964" classname="test.reservarvuelo.cp005ReservarVuelo"/>
  <testcase name="verificarConfirmationFlight" time="1.592" classname="test.reservarvuelo.cp005ReservarVuelo"/>
</testsuite> <!-- test.reservarvuelo.cp005ReservarVuelo -->
