<?xml version="1.0" encoding="UTF-8"?>
<!-- Generated by org.testng.reporters.JUnitReportReporter -->
<testsuite skipped="0" hostname="hp-11" name="test.reservarvuelo.cp005ReservarVuelo" tests="5" failures="0" timestamp="09 nov 2017 04:13:40 GMT" time="104.616" errors="0">
  <testcase name="login" time="30.398" classname="test.reservarvuelo.cp005ReservarVuelo"/>
  <testcase name="diligenciarFindFlight" time="16.135" classname="test.reservarvuelo.cp005ReservarVuelo"/>
  <testcase name="diligenciarSelectFlight" time="4.382" classname="test.reservarvuelo.cp005ReservarVuelo"/>
  <testcase name="diligenciarBookFlight" time="51.171" classname="test.reservarvuelo.cp005ReservarVuelo"/>
  <testcase name="verificarConfirmationFlight" time="2.530" classname="test.reservarvuelo.cp005ReservarVuelo"/>
</testsuite> <!-- test.reservarvuelo.cp005ReservarVuelo -->
