<?xml version="1.0" encoding="UTF-8"?>
<!-- Generated by org.testng.reporters.JUnitReportReporter -->
<testsuite skipped="0" hostname="hp-11" name="test.menu.cp004ValidarLinkLateralDerecho" tests="1" failures="0" timestamp="17 nov 2017 05:24:34 GMT" time="2.066" errors="0">
  <testcase name="validarLinkLateralDerecho" time="2.066" classname="test.menu.cp004ValidarLinkLateralDerecho"/>
</testsuite> <!-- test.menu.cp004ValidarLinkLateralDerecho -->
