<?xml version="1.0" encoding="UTF-8"?>
<!-- Generated by org.testng.reporters.JUnitReportReporter -->
<testsuite skipped="0" hostname="hp-11" name="test.reservarvuelo.cp002ValidarCamposSelectFlight" tests="2" failures="0" timestamp="08 nov 2017 05:52:30 GMT" time="12.062" errors="0">
  <testcase name="login" time="8.402" classname="test.reservarvuelo.cp002ValidarCamposSelectFlight"/>
  <testcase name="ValidarCamposSelectFlight" time="3.660" classname="test.reservarvuelo.cp002ValidarCamposSelectFlight"/>
</testsuite> <!-- test.reservarvuelo.cp002ValidarCamposSelectFlight -->
