<?xml version="1.0" encoding="UTF-8"?>
<!-- Generated by org.testng.reporters.JUnitReportReporter -->
<testsuite skipped="0" hostname="hp-11" name="test.menu.cp001ValidarLinkSuperior" tests="1" failures="0" timestamp="17 nov 2017 20:45:37 GMT" time="4.336" errors="0">
  <testcase name="validarLinkSuperior" time="4.336" classname="test.menu.cp001ValidarLinkSuperior"/>
</testsuite> <!-- test.menu.cp001ValidarLinkSuperior -->
