<?xml version="1.0" encoding="UTF-8"?>
<!-- Generated by org.testng.reporters.JUnitReportReporter -->
<testsuite skipped="0" hostname="hp-11" name="test.reservarvuelo.cp001ValidarCamposFindFlight" tests="2" failures="0" timestamp="10 nov 2017 16:48:58 GMT" time="19.037" errors="0">
  <testcase name="login" time="7.792" classname="test.reservarvuelo.cp001ValidarCamposFindFlight"/>
  <testcase name="ValidarCamposFindFlight" time="11.245" classname="test.reservarvuelo.cp001ValidarCamposFindFlight"/>
</testsuite> <!-- test.reservarvuelo.cp001ValidarCamposFindFlight -->
