<?xml version="1.0" encoding="UTF-8"?>
<!-- Generated by org.testng.reporters.JUnitReportReporter -->
<testsuite skipped="0" hostname="hp-11" name="test.registrousuario.cp001ValidarCamposRegister" tests="4" failures="0" timestamp="17 nov 2017 17:45:03 GMT" time="8.005" errors="0">
  <testcase name="ingresarRegistrar" time="4.393" classname="test.registrousuario.cp001ValidarCamposRegister"/>
  <testcase name="validarCamposContact" time="1.298" classname="test.registrousuario.cp001ValidarCamposRegister"/>
  <testcase name="validarCamposMailing" time="1.511" classname="test.registrousuario.cp001ValidarCamposRegister"/>
  <testcase name="validarCamposUser" time="0.803" classname="test.registrousuario.cp001ValidarCamposRegister"/>
</testsuite> <!-- test.registrousuario.cp001ValidarCamposRegister -->
