<?xml version="1.0" encoding="UTF-8"?>
<!-- Generated by org.testng.reporters.JUnitReportReporter -->
<testsuite skipped="0" hostname="hp-11" name="test.autenticacion.cp004ValidarCamposSignOn" tests="1" failures="0" timestamp="17 nov 2017 20:44:43 GMT" time="2.334" errors="0">
  <testcase name="verificarCamposLoginSignOn" time="2.334" classname="test.autenticacion.cp004ValidarCamposSignOn"/>
</testsuite> <!-- test.autenticacion.cp004ValidarCamposSignOn -->
