<?xml version="1.0" encoding="UTF-8"?>
<!-- Generated by org.testng.reporters.JUnitReportReporter -->
<testsuite skipped="0" hostname="hp-11" name="test.reservarvuelo.cp003ValidarCamposBookFlight" tests="2" failures="0" timestamp="16 nov 2017 18:52:17 GMT" time="13.860" errors="0">
  <testcase name="login" time="5.427" classname="test.reservarvuelo.cp003ValidarCamposBookFlight"/>
  <testcase name="ValidarCamposBookFlight" time="8.433" classname="test.reservarvuelo.cp003ValidarCamposBookFlight"/>
</testsuite> <!-- test.reservarvuelo.cp003ValidarCamposBookFlight -->
