<?xml version="1.0" encoding="UTF-8"?>
<!-- Generated by org.testng.reporters.JUnitReportReporter -->
<testsuite skipped="0" hostname="hp-11" name="test.registrousuario.cp003RegistrarMultiplesUsuarios" tests="1" failures="0" timestamp="17 nov 2017 20:49:46 GMT" time="50.691" errors="0">
  <testcase name="realizarRegistroMultiple" time="50.691" classname="test.registrousuario.cp003RegistrarMultiplesUsuarios"/>
</testsuite> <!-- test.registrousuario.cp003RegistrarMultiplesUsuarios -->
