<?xml version="1.0" encoding="UTF-8"?>
<!-- Generated by org.testng.reporters.JUnitReportReporter -->
<testsuite skipped="0" hostname="hp-11" name="test.reservarvuelo.cp002ValidarCamposSelectFlight" tests="2" failures="0" timestamp="17 nov 2017 20:53:48 GMT" time="9.886" errors="0">
  <testcase name="login" time="6.337" classname="test.reservarvuelo.cp002ValidarCamposSelectFlight"/>
  <testcase name="ValidarCamposSelectFlight" time="3.549" classname="test.reservarvuelo.cp002ValidarCamposSelectFlight"/>
</testsuite> <!-- test.reservarvuelo.cp002ValidarCamposSelectFlight -->
