<?xml version="1.0" encoding="UTF-8"?>
<!-- Generated by org.testng.reporters.JUnitReportReporter -->
<testsuite skipped="0" hostname="hp-11" name="test.reservarvuelo.cp007ReservarVueloMultiplesPasajeros" tests="2" failures="0" timestamp="16 nov 2017 18:52:17 GMT" time="51.507" errors="0">
  <testcase name="login" time="5.035" classname="test.reservarvuelo.cp007ReservarVueloMultiplesPasajeros"/>
  <testcase name="diligenciarPaginasRestantes" time="46.472" classname="test.reservarvuelo.cp007ReservarVueloMultiplesPasajeros"/>
</testsuite> <!-- test.reservarvuelo.cp007ReservarVueloMultiplesPasajeros -->
