<?xml version="1.0" encoding="UTF-8"?>
<!-- Generated by org.testng.reporters.JUnitReportReporter -->
<testsuite skipped="0" hostname="hp-11" name="test.registrousuario.cp002RegistrarUsuario" tests="2" failures="0" timestamp="17 nov 2017 20:48:35 GMT" time="17.545" errors="0">
  <testcase name="ingresarRegistrar" time="4.457" classname="test.registrousuario.cp002RegistrarUsuario"/>
  <testcase name="realizarRegistro" time="13.088" classname="test.registrousuario.cp002RegistrarUsuario"/>
</testsuite> <!-- test.registrousuario.cp002RegistrarUsuario -->
