<?xml version="1.0" encoding="UTF-8"?>
<!-- Generated by org.testng.reporters.JUnitReportReporter -->
<testsuite skipped="0" hostname="hp-11" name="test.reservarvuelo.cp001ValidarCamposFindFlight" tests="2" failures="0" timestamp="16 nov 2017 16:43:44 GMT" time="12.041" errors="0">
  <testcase name="login" time="8.299" classname="test.reservarvuelo.cp001ValidarCamposFindFlight"/>
  <testcase name="ValidarCamposFindFlight" time="3.742" classname="test.reservarvuelo.cp001ValidarCamposFindFlight"/>
</testsuite> <!-- test.reservarvuelo.cp001ValidarCamposFindFlight -->
