<?xml version="1.0" encoding="UTF-8"?>
<!-- Generated by org.testng.reporters.JUnitReportReporter -->
<testsuite skipped="0" hostname="hp-11" name="test.autenticacion.cp001ValidarCampos" tests="1" failures="0" timestamp="17 nov 2017 17:39:49 GMT" time="5.277" errors="0">
  <testcase name="verificarCamposLogin" time="5.277" classname="test.autenticacion.cp001ValidarCampos"/>
</testsuite> <!-- test.autenticacion.cp001ValidarCampos -->
