<?xml version="1.0" encoding="UTF-8"?>
<!-- Generated by org.testng.reporters.JUnitReportReporter -->
<testsuite skipped="0" hostname="hp-11" name="test.reservarvuelo.cp002ValidarCamposSelectFlight" tests="2" failures="0" timestamp="10 nov 2017 16:59:59 GMT" time="11.992" errors="0">
  <testcase name="login" time="7.837" classname="test.reservarvuelo.cp002ValidarCamposSelectFlight"/>
  <testcase name="ValidarCamposSelectFlight" time="4.155" classname="test.reservarvuelo.cp002ValidarCamposSelectFlight"/>
</testsuite> <!-- test.reservarvuelo.cp002ValidarCamposSelectFlight -->
