<?xml version="1.0" encoding="UTF-8"?>
<!-- Generated by org.testng.reporters.JUnitReportReporter -->
<testsuite skipped="0" hostname="hp-11" name="test.reservarvuelo.cp004ValidarCamposConfirmationFlight" tests="2" failures="0" timestamp="10 nov 2017 17:42:50 GMT" time="10.911" errors="0">
  <testcase name="login" time="5.324" classname="test.reservarvuelo.cp004ValidarCamposConfirmationFlight"/>
  <testcase name="ValidarCamposConfirmationFlight" time="5.587" classname="test.reservarvuelo.cp004ValidarCamposConfirmationFlight"/>
</testsuite> <!-- test.reservarvuelo.cp004ValidarCamposConfirmationFlight -->
