<?xml version="1.0" encoding="UTF-8"?>
<!-- Generated by org.testng.reporters.JUnitReportReporter -->
<testsuite skipped="0" hostname="hp-11" name="test.reservarvuelo.cp003ValidarCamposBookFlight" tests="2" failures="0" timestamp="09 nov 2017 04:41:00 GMT" time="14.571" errors="0">
  <testcase name="login" time="5.164" classname="test.reservarvuelo.cp003ValidarCamposBookFlight"/>
  <testcase name="ValidarCamposBookFlight" time="9.407" classname="test.reservarvuelo.cp003ValidarCamposBookFlight"/>
</testsuite> <!-- test.reservarvuelo.cp003ValidarCamposBookFlight -->
