<?xml version="1.0" encoding="UTF-8"?>
<!-- Generated by org.testng.reporters.JUnitReportReporter -->
<testsuite skipped="0" hostname="hp-11" name="test.autenticacion.cp006LoginSignOnIncorrecto" tests="1" failures="0" timestamp="17 nov 2017 06:29:16 GMT" time="4.847" errors="0">
  <testcase name="loginIncorrecto" time="4.847" classname="test.autenticacion.cp006LoginSignOnIncorrecto"/>
</testsuite> <!-- test.autenticacion.cp006LoginSignOnIncorrecto -->
