<?xml version="1.0" encoding="UTF-8"?>
<!-- Generated by org.testng.reporters.JUnitReportReporter -->
<testsuite skipped="0" hostname="hp-11" name="test.reservarvuelo.cp005ReservarVuelo" tests="5" failures="0" timestamp="08 nov 2017 05:34:36 GMT" time="43.240" errors="0">
  <testcase name="login" time="7.625" classname="test.reservarvuelo.cp005ReservarVuelo"/>
  <testcase name="diligenciarFindFlight" time="8.940" classname="test.reservarvuelo.cp005ReservarVuelo"/>
  <testcase name="diligenciarSelectFlight" time="2.897" classname="test.reservarvuelo.cp005ReservarVuelo"/>
  <testcase name="diligenciarBookFlight" time="22.364" classname="test.reservarvuelo.cp005ReservarVuelo"/>
  <testcase name="verificarConfirmationFlight" time="1.414" classname="test.reservarvuelo.cp005ReservarVuelo"/>
</testsuite> <!-- test.reservarvuelo.cp005ReservarVuelo -->
