<?xml version="1.0" encoding="UTF-8"?>
<!-- Generated by org.testng.reporters.JUnitReportReporter -->
<testsuite skipped="0" hostname="hp-11" name="test.registrousuario.cp002RegistrarUsuario" tests="2" failures="0" timestamp="17 nov 2017 17:45:03 GMT" time="14.798" errors="0">
  <testcase name="ingresarRegistrar" time="1.645" classname="test.registrousuario.cp002RegistrarUsuario"/>
  <testcase name="realizarRegistro" time="13.153" classname="test.registrousuario.cp002RegistrarUsuario"/>
</testsuite> <!-- test.registrousuario.cp002RegistrarUsuario -->
