<?xml version="1.0" encoding="UTF-8"?>
<!-- Generated by org.testng.reporters.JUnitReportReporter -->
<testsuite skipped="0" hostname="hp-11" name="test.registrousuario.cp001ValidarCamposRegister" tests="4" failures="0" timestamp="16 nov 2017 20:49:31 GMT" time="8.212" errors="0">
  <testcase name="ingresarRegistrar" time="4.503" classname="test.registrousuario.cp001ValidarCamposRegister"/>
  <testcase name="validarCamposContact" time="1.329" classname="test.registrousuario.cp001ValidarCamposRegister"/>
  <testcase name="validarCamposMailing" time="1.530" classname="test.registrousuario.cp001ValidarCamposRegister"/>
  <testcase name="validarCamposUser" time="0.850" classname="test.registrousuario.cp001ValidarCamposRegister"/>
</testsuite> <!-- test.registrousuario.cp001ValidarCamposRegister -->
