<?xml version="1.0" encoding="UTF-8"?>
<!-- Generated by org.testng.reporters.JUnitReportReporter -->
<testsuite skipped="0" hostname="hp-11" name="test.reservarvuelo.cp002ValidarCamposSelectFlight" tests="2" failures="0" timestamp="09 nov 2017 03:01:42 GMT" time="8.718" errors="0">
  <testcase name="login" time="5.029" classname="test.reservarvuelo.cp002ValidarCamposSelectFlight"/>
  <testcase name="ValidarCamposSelectFlight" time="3.689" classname="test.reservarvuelo.cp002ValidarCamposSelectFlight"/>
</testsuite> <!-- test.reservarvuelo.cp002ValidarCamposSelectFlight -->
