<?xml version="1.0" encoding="UTF-8"?>
<!-- Generated by org.testng.reporters.JUnitReportReporter -->
<testsuite skipped="0" hostname="hp-11" name="test.reservarvuelo.cp007ReservarVueloMultiplesPasajeros" tests="2" failures="0" timestamp="17 nov 2017 17:49:14 GMT" time="53.284" errors="0">
  <testcase name="login" time="6.231" classname="test.reservarvuelo.cp007ReservarVueloMultiplesPasajeros"/>
  <testcase name="diligenciarPaginasRestantes" time="47.053" classname="test.reservarvuelo.cp007ReservarVueloMultiplesPasajeros"/>
</testsuite> <!-- test.reservarvuelo.cp007ReservarVueloMultiplesPasajeros -->
