<?xml version="1.0" encoding="UTF-8"?>
<!-- Generated by org.testng.reporters.JUnitReportReporter -->
<testsuite skipped="0" hostname="hp-11" name="test.autenticacion.cp001ValidarCampos" tests="1" failures="0" timestamp="17 nov 2017 06:29:16 GMT" time="3.735" errors="0">
  <testcase name="verificarCamposLogin" time="3.735" classname="test.autenticacion.cp001ValidarCampos"/>
</testsuite> <!-- test.autenticacion.cp001ValidarCampos -->
