<?xml version="1.0" encoding="UTF-8"?>
<!-- Generated by org.testng.reporters.JUnitReportReporter -->
<testsuite skipped="0" hostname="hp-11" name="scriptSencillo.MultiplesDatos" tests="1" failures="0" timestamp="16 nov 2017 20:54:27 GMT" time="4.852" errors="0">
  <testcase name="testUntitled" time="4.852" classname="scriptSencillo.MultiplesDatos"/>
</testsuite> <!-- scriptSencillo.MultiplesDatos -->
