<?xml version="1.0" encoding="UTF-8"?>
<!-- Generated by org.testng.reporters.JUnitReportReporter -->
<testsuite skipped="0" hostname="hp-11" name="test.autenticacion.cp001ValidarCampos" tests="1" failures="0" timestamp="06 nov 2017 17:29:08 GMT" time="5.654" errors="0">
  <testcase name="verificarCamposLogin" time="5.654" classname="test.autenticacion.cp001ValidarCampos"/>
</testsuite> <!-- test.autenticacion.cp001ValidarCampos -->
