<?xml version="1.0" encoding="UTF-8"?>
<!-- Generated by org.testng.reporters.JUnitReportReporter -->
<testsuite skipped="0" hostname="hp-11" name="test.autenticacion.cp003LoginMercuryIncorrecto" tests="1" failures="0" timestamp="06 nov 2017 17:31:31 GMT" time="9.084" errors="0">
  <testcase name="loginIncorrecto" time="9.084" classname="test.autenticacion.cp003LoginMercuryIncorrecto"/>
</testsuite> <!-- test.autenticacion.cp003LoginMercuryIncorrecto -->
