<?xml version="1.0" encoding="UTF-8"?>
<!-- Generated by org.testng.reporters.JUnitReportReporter -->
<testsuite skipped="0" hostname="hp-11" name="test.menu.cp002ValidarLinkLateral" tests="1" failures="0" timestamp="17 nov 2017 04:39:27 GMT" time="5.597" errors="0">
  <testcase name="validarLinkLateral" time="5.597" classname="test.menu.cp002ValidarLinkLateral"/>
</testsuite> <!-- test.menu.cp002ValidarLinkLateral -->
