<?xml version="1.0" encoding="UTF-8"?>
<!-- Generated by org.testng.reporters.JUnitReportReporter -->
<testsuite skipped="0" hostname="hp-11" name="test.menu.cp003ValidarLinkDespuesLogin" tests="1" failures="0" timestamp="17 nov 2017 05:24:34 GMT" time="42.024" errors="0">
  <testcase name="validarLinksDespuesDeLogin" time="42.024" classname="test.menu.cp003ValidarLinkDespuesLogin"/>
</testsuite> <!-- test.menu.cp003ValidarLinkDespuesLogin -->
