<?xml version="1.0" encoding="UTF-8"?>
<!-- Generated by org.testng.reporters.JUnitReportReporter -->
<testsuite skipped="0" hostname="hp-11" name="test.reservarvuelo.cp004ValidarCamposConfirmationFlight" tests="2" failures="0" timestamp="09 nov 2017 03:01:42 GMT" time="10.433" errors="0">
  <testcase name="login" time="5.270" classname="test.reservarvuelo.cp004ValidarCamposConfirmationFlight"/>
  <testcase name="ValidarCamposConfirmationFlight" time="5.163" classname="test.reservarvuelo.cp004ValidarCamposConfirmationFlight"/>
</testsuite> <!-- test.reservarvuelo.cp004ValidarCamposConfirmationFlight -->
