<?xml version="1.0" encoding="UTF-8"?>
<!-- Generated by org.testng.reporters.JUnitReportReporter -->
<testsuite skipped="0" hostname="hp-11" name="test.reservarvuelo.cp006ReservarVueloCruises" tests="6" failures="0" timestamp="17 nov 2017 17:49:14 GMT" time="45.481" errors="0">
  <testcase name="login" time="6.335" classname="test.reservarvuelo.cp006ReservarVueloCruises"/>
  <testcase name="ingresarPorCruises" time="2.568" classname="test.reservarvuelo.cp006ReservarVueloCruises"/>
  <testcase name="diligenciarFindFlight" time="8.440" classname="test.reservarvuelo.cp006ReservarVueloCruises"/>
  <testcase name="diligenciarSelectFlight" time="2.860" classname="test.reservarvuelo.cp006ReservarVueloCruises"/>
  <testcase name="diligenciarBookFlight" time="23.657" classname="test.reservarvuelo.cp006ReservarVueloCruises"/>
  <testcase name="verificarConfirmationFlight" time="1.621" classname="test.reservarvuelo.cp006ReservarVueloCruises"/>
</testsuite> <!-- test.reservarvuelo.cp006ReservarVueloCruises -->
