<?xml version="1.0" encoding="UTF-8"?>
<!-- Generated by org.testng.reporters.JUnitReportReporter -->
<testsuite skipped="0" hostname="hp-11" name="test.menu.cp002ValidarLinkLateralIzquierdo" tests="1" failures="0" timestamp="17 nov 2017 17:40:50 GMT" time="2.239" errors="0">
  <testcase name="validarLinkLateralIzquierdo" time="2.239" classname="test.menu.cp002ValidarLinkLateralIzquierdo"/>
</testsuite> <!-- test.menu.cp002ValidarLinkLateralIzquierdo -->
