<?xml version="1.0" encoding="UTF-8"?>
<!-- Generated by org.testng.reporters.JUnitReportReporter -->
<testsuite skipped="0" hostname="hp-11" name="test.autenticacion.cp002LoginMercuryCorrecto" tests="1" failures="0" timestamp="06 nov 2017 17:32:26 GMT" time="9.299" errors="0">
  <testcase name="loginCorrecto" time="9.299" classname="test.autenticacion.cp002LoginMercuryCorrecto"/>
</testsuite> <!-- test.autenticacion.cp002LoginMercuryCorrecto -->
