<?xml version="1.0" encoding="UTF-8"?>
<!-- Generated by org.testng.reporters.JUnitReportReporter -->
<testsuite skipped="0" hostname="hp-11" name="test.reservarvuelo.cp001ValidarCamposFindFlight" tests="2" failures="0" timestamp="17 nov 2017 20:53:48 GMT" time="12.145" errors="0">
  <testcase name="login" time="8.510" classname="test.reservarvuelo.cp001ValidarCamposFindFlight"/>
  <testcase name="ValidarCamposFindFlight" time="3.635" classname="test.reservarvuelo.cp001ValidarCamposFindFlight"/>
</testsuite> <!-- test.reservarvuelo.cp001ValidarCamposFindFlight -->
