<?xml version="1.0" encoding="UTF-8"?>
<!-- Generated by org.testng.reporters.JUnitReportReporter -->
<testsuite skipped="0" hostname="hp-11" name="test.registrousuario.cp003RegistrarMultiplesUsuarios" tests="1" failures="0" timestamp="17 nov 2017 18:14:30 GMT" time="52.870" errors="0">
  <testcase name="realizarRegistroMultiple" time="52.870" classname="test.registrousuario.cp003RegistrarMultiplesUsuarios"/>
</testsuite> <!-- test.registrousuario.cp003RegistrarMultiplesUsuarios -->
