<?xml version="1.0" encoding="UTF-8"?>
<!-- Generated by org.testng.reporters.JUnitReportReporter -->
<testsuite skipped="0" hostname="hp-11" name="test.autenticacion.cp005LoginSignOnCorrecto" tests="1" failures="0" timestamp="17 nov 2017 06:29:16 GMT" time="31.391" errors="0">
  <testcase name="loginCorrecto" time="31.391" classname="test.autenticacion.cp005LoginSignOnCorrecto"/>
</testsuite> <!-- test.autenticacion.cp005LoginSignOnCorrecto -->
